Arguments: 
  /Users/luha/.nvm/versions/node/v14.16.1/bin/node /Users/luha/.nvm/versions/node/v14.16.1/bin/yarn build

PATH: 
  /Users/luha/.nvm/versions/node/v14.16.1/bin:/usr/local/bin:/usr/bin:/bin:/usr/sbin:/sbin:/Users/luha/Development/techmobshow/automation/node_modules/.bin

Yarn version: 
  1.22.10

Node version: 
  14.16.1

Platform: 
  darwin x64

Trace: 
  SyntaxError: /Users/luha/Development/techmobshow/automation/packages/types/package.json: Unexpected token } in JSON at position 300
      at JSON.parse (<anonymous>)
      at /Users/luha/.nvm/versions/node/v14.16.1/lib/node_modules/yarn/lib/cli.js:1625:59
      at Generator.next (<anonymous>)
      at step (/Users/luha/.nvm/versions/node/v14.16.1/lib/node_modules/yarn/lib/cli.js:310:30)
      at /Users/luha/.nvm/versions/node/v14.16.1/lib/node_modules/yarn/lib/cli.js:321:13

npm manifest: 
  {
    "name": "@tms/types",
    "version": "1.0.0",
    "types": "dist/index",
    "files": [
      "dist"
    ],
    "scripts": {
      "build": "yarn run clean && yarn run compile",
      "clean": "rm -rf ./dist",
      "compile": "tsc -p tsconfig.build.json"
    },
    "devDependencies": {
      "typescript": "^4.2.4"
    },
  }

yarn manifest: 
  No manifest

Lockfile: 
  # THIS IS AN AUTOGENERATED FILE. DO NOT EDIT THIS FILE DIRECTLY.
  # yarn lockfile v1
  
  
  typescript@^4.2.4:
    version "4.2.4"
    resolved "https://registry.yarnpkg.com/typescript/-/typescript-4.2.4.tgz#8610b59747de028fda898a8aef0e103f156d0961"
    integrity sha512-V+evlYHZnQkaz8TRBuxTA92yZBPotr5H+WhQ7bD3hZUndx5tGOa1fuCgeSjxAzM1RiN5IzvadIXTVefuuwZCRg==
